Layouts/Dogglers_App/app/build/intermediates/manifest_merge_blame_file/debug/manifest-merger-blame-debug-report.txt
1<?xml version="1.0" encoding="utf-8"?>
2<manifest xmlns:android="http://schemas.android.com/apk/res/android"
3    package="com.example.dogglers"
4    android:versionCode="1"
5    android:versionName="1.0" >
6
7    <uses-sdk
8        android:minSdkVersion="21"
8-->src\main\AndroidManifest.xml
9        android:targetSdkVersion="30" />
9-->src\main\AndroidManifest.xml
10
11    <uses-permission android:name="android.permission.REORDER_TASKS" />
11-->[androidx.fragment:fragment-testing:1.3.3] AndroidManifest.xml:25:5-72
11-->[androidx.fragment:fragment-testing:1.3.3] AndroidManifest.xml:25:22-69
12
13    <application
13-->src\main\AndroidManifest.xml:5:5-37:19
14        android:allowBackup="true"
14-->src\main\AndroidManifest.xml:6:9-35
15        android:appComponentFactory="androidx.core.app.CoreComponentFactory"
15-->[androidx.core:core:1.3.2] AndroidManifest.xml:24:18-86
16        android:debuggable="true"
17        android:icon="@mipmap/ic_launcher"
17-->src\main\AndroidManifest.xml:7:9-43
18        android:label="@string/app_name"
18-->src\main\AndroidManifest.xml:8:9-41
19        android:roundIcon="@mipmap/ic_launcher_round"
19-->src\main\AndroidManifest.xml:9:9-54
20        android:supportsRtl="true"
20-->src\main\AndroidManifest.xml:10:9-35
21        android:testOnly="true"
22        android:theme="@style/Theme.Dogglers" >
22-->src\main\AndroidManifest.xml:11:9-46
23        <activity
23-->src\main\AndroidManifest.xml:12:9-14:39
24            android:name="com.example.dogglers.StaggeredGridActivity"
24-->src\main\AndroidManifest.xml:13:13-50
25            android:exported="true" />
25-->src\main\AndroidManifest.xml:14:13-36
26        <activity android:name="com.example.dogglers.VerticalListActivity" >
26-->src\main\AndroidManifest.xml:15:9-19:20
26-->src\main\AndroidManifest.xml:15:19-55
27            <meta-data
27-->src\main\AndroidManifest.xml:16:13-18:49
28                android:name="android.support.PARENT_ACTIVITY"
28-->src\main\AndroidManifest.xml:17:17-63
29                android:value=".MainActivity" />
29-->src\main\AndroidManifest.xml:18:17-46
30        </activity>
31        <activity android:name="com.example.dogglers.HorizontalListActivity" >
31-->src\main\AndroidManifest.xml:20:9-24:20
31-->src\main\AndroidManifest.xml:20:19-57
32            <meta-data
32-->src\main\AndroidManifest.xml:16:13-18:49
33                android:name="android.support.PARENT_ACTIVITY"
33-->src\main\AndroidManifest.xml:17:17-63
34                android:value=".MainActivity" />
34-->src\main\AndroidManifest.xml:18:17-46
35        </activity>
36        <activity android:name="com.example.dogglers.GridListActivity" >
36-->src\main\AndroidManifest.xml:25:9-29:20
36-->src\main\AndroidManifest.xml:25:19-51
37            <meta-data
37-->src\main\AndroidManifest.xml:16:13-18:49
38                android:name="android.support.PARENT_ACTIVITY"
38-->src\main\AndroidManifest.xml:17:17-63
39                android:value=".MainActivity" />
39-->src\main\AndroidManifest.xml:18:17-46
40        </activity>
41        <activity android:name="com.example.dogglers.MainActivity" >
41-->src\main\AndroidManifest.xml:30:9-36:20
41-->src\main\AndroidManifest.xml:30:19-47
42            <intent-filter>
42-->src\main\AndroidManifest.xml:31:13-35:29
43                <action android:name="android.intent.action.MAIN" />
43-->src\main\AndroidManifest.xml:32:17-69
43-->src\main\AndroidManifest.xml:32:25-66
44
45                <category android:name="android.intent.category.LAUNCHER" />
45-->src\main\AndroidManifest.xml:34:17-77
45-->src\main\AndroidManifest.xml:34:27-74
46            </intent-filter>
47        </activity>
48        <activity
48-->[androidx.fragment:fragment-testing:1.3.3] AndroidManifest.xml:28:9-37:20
49            android:name="androidx.fragment.app.testing.FragmentScenario$EmptyFragmentActivity"
49-->[androidx.fragment:fragment-testing:1.3.3] AndroidManifest.xml:29:13-96
50            android:exported="true"
50-->[androidx.fragment:fragment-testing:1.3.3] AndroidManifest.xml:30:13-36
51            android:multiprocess="true"
51-->[androidx.fragment:fragment-testing:1.3.3] AndroidManifest.xml:31:13-40
52            android:taskAffinity=""
52-->[androidx.fragment:fragment-testing:1.3.3] AndroidManifest.xml:32:13-36
53            android:theme="@style/FragmentScenarioEmptyFragmentActivityTheme" >
53-->[androidx.fragment:fragment-testing:1.3.3] AndroidManifest.xml:33:13-78
54            <intent-filter>
54-->[androidx.fragment:fragment-testing:1.3.3] AndroidManifest.xml:34:13-36:29
55                <action android:name="android.intent.action.MAIN" />
55-->src\main\AndroidManifest.xml:32:17-69
55-->src\main\AndroidManifest.xml:32:25-66
56            </intent-filter>
57        </activity>
58        <activity
58-->[androidx.test:core:1.3.0] AndroidManifest.xml:27:9-33:20
59            android:name="androidx.test.core.app.InstrumentationActivityInvoker$BootstrapActivity"
59-->[androidx.test:core:1.3.0] AndroidManifest.xml:28:13-99
60            android:theme="@android:style/Theme" >
60-->[androidx.test:core:1.3.0] AndroidManifest.xml:29:13-49
61            <intent-filter>
61-->[androidx.fragment:fragment-testing:1.3.3] AndroidManifest.xml:34:13-36:29
62                <action android:name="android.intent.action.MAIN" />
62-->src\main\AndroidManifest.xml:32:17-69
62-->src\main\AndroidManifest.xml:32:25-66
63            </intent-filter>
64        </activity>
65        <activity
65-->[androidx.test:core:1.3.0] AndroidManifest.xml:34:9-40:20
66            android:name="androidx.test.core.app.InstrumentationActivityInvoker$EmptyActivity"
66-->[androidx.test:core:1.3.0] AndroidManifest.xml:35:13-95
67            android:theme="@android:style/Theme" >
67-->[androidx.test:core:1.3.0] AndroidManifest.xml:36:13-49
68            <intent-filter>
68-->[androidx.fragment:fragment-testing:1.3.3] AndroidManifest.xml:34:13-36:29
69                <action android:name="android.intent.action.MAIN" />
69-->src\main\AndroidManifest.xml:32:17-69
69-->src\main\AndroidManifest.xml:32:25-66
70            </intent-filter>
71        </activity>
72        <activity
72-->[androidx.test:core:1.3.0] AndroidManifest.xml:41:9-47:20
73            android:name="androidx.test.core.app.InstrumentationActivityInvoker$EmptyFloatingActivity"
73-->[androidx.test:core:1.3.0] AndroidManifest.xml:42:13-103
74            android:theme="@android:style/Theme.Dialog" >
74-->[androidx.test:core:1.3.0] AndroidManifest.xml:43:13-56
75            <intent-filter>
75-->[androidx.fragment:fragment-testing:1.3.3] AndroidManifest.xml:34:13-36:29
76                <action android:name="android.intent.action.MAIN" />
76-->src\main\AndroidManifest.xml:32:17-69
76-->src\main\AndroidManifest.xml:32:25-66
77            </intent-filter>
78        </activity>
79    </application>
80
81</manifest>